<?xml version="1.0" encoding="UTF-8"?>
<coverage generated="1577152538534" clover="3.2.0">
  <project timestamp="1577152538534" name="All files">
    <metrics statements="22" coveredstatements="20" conditionals="0" coveredconditionals="0" methods="8" coveredmethods="8" elements="30" coveredelements="28" complexity="0" loc="22" ncloc="22" packages="1" files="2" classes="2"/>
    <file name="apiBCB.js" path="C:\Users\StarDeath\Documents\convertmymoney\lib\apiBCB.js">
      <metrics statements="19" coveredstatements="17" conditionals="0" coveredconditionals="0" methods="6" coveredmethods="6"/>
      <line num="1" count="1" type="stmt"/>
      <line num="3" count="1" type="stmt"/>
      <line num="5" count="1" type="stmt"/>
      <line num="6" count="1" type="stmt"/>
      <line num="7" count="1" type="stmt"/>
      <line num="8" count="1" type="stmt"/>
      <line num="9" count="1" type="stmt"/>
      <line num="10" count="1" type="stmt"/>
      <line num="11" count="1" type="stmt"/>
      <line num="12" count="1" type="stmt"/>
      <line num="15" count="2" type="stmt"/>
      <line num="16" count="1" type="stmt"/>
      <line num="17" count="1" type="stmt"/>
      <line num="18" count="1" type="stmt"/>
      <line num="19" count="1" type="stmt"/>
      <line num="20" count="0" type="stmt"/>
      <line num="21" count="0" type="stmt"/>
      <line num="24" count="1" type="stmt"/>
      <line num="29" count="1" type="stmt"/>
    </file>
    <file name="convert.js" path="C:\Users\StarDeath\Documents\convertmymoney\lib\convert.js">
      <metrics statements="3" coveredstatements="3" conditionals="0" coveredconditionals="0" methods="2" coveredmethods="2"/>
      <line num="2" count="2" type="stmt"/>
      <line num="6" count="2" type="stmt"/>
      <line num="9" count="1" type="stmt"/>
    </file>
  </project>
</coverage>
