{"C:\\Users\\Desktop\\Desktop\\ConvertMyMoney\\lib\\apiBCB.js": {"path":"C:\\Users\\Desktop\\Desktop\\ConvertMyMoney\\lib\\apiBCB.js","statementMap":{"0":{"start":{"line":1,"column":14},"end":{"line":1,"column":30}},"1":{"start":{"line":3,"column":15},"end":{"line":3,"column":236}},"2":{"start":{"line":3,"column":23},"end":{"line":3,"column":236}},"3":{"start":{"line":5,"column":22},"end":{"line":5,"column":43}},"4":{"start":{"line":5,"column":29},"end":{"line":5,"column":43}},"5":{"start":{"line":6,"column":23},"end":{"line":6,"column":60}},"6":{"start":{"line":6,"column":30},"end":{"line":6,"column":60}},"7":{"start":{"line":7,"column":21},"end":{"line":13,"column":1}},"8":{"start":{"line":8,"column":17},"end":{"line":8,"column":27}},"9":{"start":{"line":9,"column":16},"end":{"line":9,"column":30}},"10":{"start":{"line":10,"column":16},"end":{"line":10,"column":35}},"11":{"start":{"line":11,"column":16},"end":{"line":11,"column":34}},"12":{"start":{"line":12,"column":4},"end":{"line":12,"column":33}},"13":{"start":{"line":15,"column":19},"end":{"line":26,"column":1}},"14":{"start":{"line":15,"column":78},"end":{"line":26,"column":1}},"15":{"start":{"line":16,"column":4},"end":{"line":25,"column":5}},"16":{"start":{"line":17,"column":21},"end":{"line":17,"column":35}},"17":{"start":{"line":18,"column":20},"end":{"line":18,"column":32}},"18":{"start":{"line":19,"column":20},"end":{"line":19,"column":44}},"19":{"start":{"line":20,"column":24},"end":{"line":20,"column":43}},"20":{"start":{"line":21,"column":8},"end":{"line":21,"column":22}},"21":{"start":{"line":24,"column":8},"end":{"line":24,"column":17}},"22":{"start":{"line":29,"column":0},"end":{"line":38,"column":1}}},"fnMap":{"0":{"name":"(anonymous_0)","decl":{"start":{"line":3,"column":15},"end":{"line":3,"column":16}},"loc":{"start":{"line":3,"column":23},"end":{"line":3,"column":236}},"line":3},"1":{"name":"(anonymous_1)","decl":{"start":{"line":5,"column":22},"end":{"line":5,"column":23}},"loc":{"start":{"line":5,"column":29},"end":{"line":5,"column":43}},"line":5},"2":{"name":"(anonymous_2)","decl":{"start":{"line":6,"column":23},"end":{"line":6,"column":24}},"loc":{"start":{"line":6,"column":30},"end":{"line":6,"column":60}},"line":6},"3":{"name":"(anonymous_3)","decl":{"start":{"line":7,"column":21},"end":{"line":7,"column":22}},"loc":{"start":{"line":7,"column":27},"end":{"line":13,"column":1}},"line":7},"4":{"name":"(anonymous_4)","decl":{"start":{"line":15,"column":19},"end":{"line":15,"column":20}},"loc":{"start":{"line":15,"column":78},"end":{"line":26,"column":1}},"line":15},"5":{"name":"(anonymous_5)","decl":{"start":{"line":15,"column":78},"end":{"line":15,"column":79}},"loc":{"start":{"line":15,"column":90},"end":{"line":26,"column":1}},"line":15}},"branchMap":{},"s":{"0":1,"1":1,"2":1,"3":1,"4":1,"5":1,"6":1,"7":1,"8":1,"9":1,"10":1,"11":1,"12":1,"13":1,"14":2,"15":1,"16":1,"17":1,"18":1,"19":0,"20":0,"21":1,"22":1},"f":{"0":1,"1":1,"2":1,"3":1,"4":2,"5":1},"b":{},"_coverageSchema":"43e27e138ebf9cfc5966b082cf9a028302ed4184","hash":"0e05a87ae6e68e6e8d260fca09adde93b6870deb"}
,"C:\\Users\\Desktop\\Desktop\\ConvertMyMoney\\lib\\convert.js": {"path":"C:\\Users\\Desktop\\Desktop\\ConvertMyMoney\\lib\\convert.js","statementMap":{"0":{"start":{"line":2,"column":4},"end":{"line":2,"column":31}},"1":{"start":{"line":6,"column":4},"end":{"line":6,"column":39}},"2":{"start":{"line":9,"column":0},"end":{"line":12,"column":1}}},"fnMap":{"0":{"name":"convert","decl":{"start":{"line":1,"column":9},"end":{"line":1,"column":16}},"loc":{"start":{"line":1,"column":38},"end":{"line":3,"column":1}},"line":1},"1":{"name":"toMoney","decl":{"start":{"line":5,"column":9},"end":{"line":5,"column":16}},"loc":{"start":{"line":5,"column":23},"end":{"line":7,"column":1}},"line":5}},"branchMap":{},"s":{"0":2,"1":2,"2":1},"f":{"0":2,"1":2},"b":{},"_coverageSchema":"43e27e138ebf9cfc5966b082cf9a028302ed4184","hash":"93aaafcf45f4cc43776d32f43ff9a045bb063ce5"}
}
